mode: set
/home/poly/GolandProjects/uvl-storage-concepts/model.go:54.40,56.2 1 1
/home/poly/GolandProjects/uvl-storage-concepts/model.go:58.42,60.2 1 1
/home/poly/GolandProjects/uvl-storage-concepts/model.go:62.44,64.2 1 1
/home/poly/GolandProjects/uvl-storage-concepts/model.go:66.45,69.16 2 1
/home/poly/GolandProjects/uvl-storage-concepts/model.go:73.2,73.45 1 1
/home/poly/GolandProjects/uvl-storage-concepts/model.go:79.2,79.12 1 1
/home/poly/GolandProjects/uvl-storage-concepts/model.go:69.16,71.3 1 1
/home/poly/GolandProjects/uvl-storage-concepts/model.go:73.45,75.17 2 1
/home/poly/GolandProjects/uvl-storage-concepts/model.go:75.17,77.4 1 0
/home/poly/GolandProjects/uvl-storage-concepts/model.go:82.42,85.16 2 1
/home/poly/GolandProjects/uvl-storage-concepts/model.go:89.2,89.12 1 1
/home/poly/GolandProjects/uvl-storage-concepts/model.go:85.16,87.3 1 1
/home/poly/GolandProjects/uvl-storage-concepts/mongodb.go:23.28,24.16 1 1
/home/poly/GolandProjects/uvl-storage-concepts/mongodb.go:24.16,26.13 2 1
/home/poly/GolandProjects/uvl-storage-concepts/mongodb.go:30.41,31.35 1 1
/home/poly/GolandProjects/uvl-storage-concepts/mongodb.go:31.35,34.3 2 1
/home/poly/GolandProjects/uvl-storage-concepts/mongodb.go:34.8,36.3 1 1
/home/poly/GolandProjects/uvl-storage-concepts/mongodb.go:40.82,50.16 3 0
/home/poly/GolandProjects/uvl-storage-concepts/mongodb.go:54.2,56.16 2 0
/home/poly/GolandProjects/uvl-storage-concepts/mongodb.go:50.16,52.3 1 0
/home/poly/GolandProjects/uvl-storage-concepts/mongodb.go:60.61,90.2 11 1
/home/poly/GolandProjects/uvl-storage-concepts/mongodb.go:93.74,99.2 4 1
/home/poly/GolandProjects/uvl-storage-concepts/mongodb.go:102.71,108.2 4 1
/home/poly/GolandProjects/uvl-storage-concepts/mongodb.go:111.72,118.2 2 1
/home/poly/GolandProjects/uvl-storage-concepts/mongodb.go:121.73,128.2 2 1
/home/poly/GolandProjects/uvl-storage-concepts/mongodb.go:131.76,141.23 4 1
/home/poly/GolandProjects/uvl-storage-concepts/mongodb.go:141.23,144.3 2 1
/home/poly/GolandProjects/uvl-storage-concepts/mongodb.go:144.8,146.3 1 1
/home/poly/GolandProjects/uvl-storage-concepts/mongodb.go:150.75,160.22 4 1
/home/poly/GolandProjects/uvl-storage-concepts/mongodb.go:160.22,163.3 2 1
/home/poly/GolandProjects/uvl-storage-concepts/mongodb.go:163.8,165.3 1 1
/home/poly/GolandProjects/uvl-storage-concepts/mongodb.go:169.61,184.2 5 1
/home/poly/GolandProjects/uvl-storage-concepts/mongodb.go:187.60,197.2 4 1
/home/poly/GolandProjects/uvl-storage-concepts/starter.go:23.13,35.2 8 0
/home/poly/GolandProjects/uvl-storage-concepts/starter.go:37.31,56.2 11 1
/home/poly/GolandProjects/uvl-storage-concepts/starter.go:58.63,59.16 1 1
/home/poly/GolandProjects/uvl-storage-concepts/starter.go:59.16,62.13 3 0
/home/poly/GolandProjects/uvl-storage-concepts/starter.go:66.58,70.16 3 1
/home/poly/GolandProjects/uvl-storage-concepts/starter.go:75.2,79.16 3 1
/home/poly/GolandProjects/uvl-storage-concepts/starter.go:86.2,93.52 6 1
/home/poly/GolandProjects/uvl-storage-concepts/starter.go:70.16,74.3 3 1
/home/poly/GolandProjects/uvl-storage-concepts/starter.go:79.16,83.3 3 1
/home/poly/GolandProjects/uvl-storage-concepts/starter.go:96.66,101.16 3 1
/home/poly/GolandProjects/uvl-storage-concepts/starter.go:107.2,111.16 3 1
/home/poly/GolandProjects/uvl-storage-concepts/starter.go:118.2,125.52 6 1
/home/poly/GolandProjects/uvl-storage-concepts/starter.go:101.16,105.3 3 1
/home/poly/GolandProjects/uvl-storage-concepts/starter.go:111.16,115.3 3 1
/home/poly/GolandProjects/uvl-storage-concepts/starter.go:128.67,133.16 3 1
/home/poly/GolandProjects/uvl-storage-concepts/starter.go:139.2,146.56 5 1
/home/poly/GolandProjects/uvl-storage-concepts/starter.go:152.2,160.52 5 1
/home/poly/GolandProjects/uvl-storage-concepts/starter.go:133.16,137.3 3 1
/home/poly/GolandProjects/uvl-storage-concepts/starter.go:146.56,150.3 3 1
/home/poly/GolandProjects/uvl-storage-concepts/starter.go:163.65,168.16 3 1
/home/poly/GolandProjects/uvl-storage-concepts/starter.go:174.2,181.30 5 1
/home/poly/GolandProjects/uvl-storage-concepts/starter.go:186.2,186.24 1 1
/home/poly/GolandProjects/uvl-storage-concepts/starter.go:192.2,200.52 5 1
/home/poly/GolandProjects/uvl-storage-concepts/starter.go:168.16,172.3 3 1
/home/poly/GolandProjects/uvl-storage-concepts/starter.go:181.30,185.3 3 1
/home/poly/GolandProjects/uvl-storage-concepts/starter.go:186.24,190.3 3 1
/home/poly/GolandProjects/uvl-storage-concepts/starter.go:203.57,219.2 9 1
/home/poly/GolandProjects/uvl-storage-concepts/starter.go:221.61,235.2 7 1
/home/poly/GolandProjects/uvl-storage-concepts/starter.go:237.69,251.2 7 1
/home/poly/GolandProjects/uvl-storage-concepts/starter.go:253.60,266.8 8 1
/home/poly/GolandProjects/uvl-storage-concepts/starter.go:266.8,270.3 3 1
/home/poly/GolandProjects/uvl-storage-concepts/starter.go:270.8,273.3 2 0
/home/poly/GolandProjects/uvl-storage-concepts/starter.go:276.59,287.16 7 1
/home/poly/GolandProjects/uvl-storage-concepts/starter.go:294.2,300.8 5 1
/home/poly/GolandProjects/uvl-storage-concepts/starter.go:287.16,292.3 4 1
/home/poly/GolandProjects/uvl-storage-concepts/starter.go:300.8,304.3 3 1
/home/poly/GolandProjects/uvl-storage-concepts/starter.go:304.8,307.3 2 0
